identifier_list
type_ID
identifier_lists
formal_parameter_list
result_type
function_declaration
sub_program_declarations
identifier_list
type_ID
identifier_lists
formal_parameter_list
result_type
component_selection_empty
variable
factor
term
simple_expression
relational_op
factor
term
simple_expression
expression
component_selection_empty
variable
factor
term
simple_expression
expression
assignment_statement
simple_statement
statement
component_selection_empty
variable
factor
term
mulop
factor
term_more
simple_expression
relational_op
factor
term
simple_expression
expression
component_selection_empty
variable
component_selection_empty
variable
factor
term
simple_expression
addop
component_selection_empty
variable
factor
term
simple_expression
addop
factor
term
simple_expression_more
expression
expressions
actual_parameter_list
function_reference
factor
term
simple_expression_more
expression
assignment_statement
simple_statement
statement
component_selection_empty
variable
component_selection_empty
variable
factor
term
simple_expression
expression
expressions
actual_parameter_list
function_reference
factor
term
simple_expression
expression
assignment_statement
simple_statement
statement
ifelse_statement
statement
ifelse_statement
statement
statement_sequence
compound_statement
block
function_declaration
sub_program_declarations_more
identifier_list
type_ID
identifier_lists
formal_parameter_list
result_type
component_selection_empty
variable
factor
term
simple_expression
relational_op
factor
term
simple_expression
expression
component_selection_empty
variable
factor
term
simple_expression
expression
assignment_statement
simple_statement
statement
component_selection_empty
variable
factor
term
mulop
factor
term_more
simple_expression
relational_op
factor
term
simple_expression
expression
component_selection_empty
variable
component_selection_empty
variable
factor
term
simple_expression
addop
component_selection_empty
variable
factor
term
simple_expression
addop
factor
term
simple_expression_more
expression
expressions
actual_parameter_list
function_reference
factor
term
simple_expression_more
expression
assignment_statement
simple_statement
statement
component_selection_empty
variable
component_selection_empty
variable
factor
term
simple_expression
expression
expressions
actual_parameter_list
function_reference
factor
term
simple_expression
expression
assignment_statement
simple_statement
statement
ifelse_statement
statement
ifelse_statement
statement
statement_sequence
compound_statement
block
function_declaration
sub_program_declarations_more
component_selection_empty
variable
factor
factor
term
simple_expression
expression
actual_parameter_list_empty
function_reference
factor
term
simple_expression
expression
expressions
actual_parameter_list
function_reference
factor
term
simple_expression
expression
expressions
actual_parameter_list
procedure_statement
simple_statement
statement
while_statement
statement
statement_sequence
compound_statement
program
