identifier_list
identifier_list_more
identifier_list
type_ID
identifier_lists
field_list
type_record
identifier_lists
field_list
type_record
type_definition
type_definition
identifier_list
type_ID
variable_declaration
variable_declaration
identifier_list
constant
constant
type_ID
type_array
variable_declaration
variable_declaration_more
identifier_list
constant
constant
type_ID
type_array
variable_declaration
variable_declaration_more
component_selection_empty
variable
component_selection_empty
variable
factor
term
simple_expression
addop
component_selection_empty
variable
factor
term
simple_expression_more
Error: types not equivalent for array and array
expression
assignment_statement
simple_statement
statement
statement_sequence
simple_statement_empty
statement
statement_sequence_more
compound_statement
program
